TN:
SF:src/services/AuthService.ts
FN:46,(anonymous_0)
FN:59,(anonymous_1)
FN:67,(anonymous_2)
FN:83,(anonymous_3)
FN:95,(anonymous_4)
FN:112,(anonymous_5)
FN:140,(anonymous_6)
FN:157,(anonymous_7)
FN:158,(anonymous_8)
FN:170,(anonymous_9)
FN:210,(anonymous_10)
FN:241,(anonymous_11)
FN:281,(anonymous_12)
FN:290,(anonymous_13)
FN:326,(anonymous_14)
FN:344,(anonymous_15)
FN:375,(anonymous_16)
FN:413,(anonymous_17)
FN:420,(anonymous_18)
FN:424,(anonymous_19)
FN:436,createAuthService
FN:446,getAuthService
FNF:22
FNH:18
FNDA:44,(anonymous_0)
FNDA:0,(anonymous_1)
FNDA:10,(anonymous_2)
FNDA:7,(anonymous_3)
FNDA:10,(anonymous_4)
FNDA:9,(anonymous_5)
FNDA:0,(anonymous_6)
FNDA:2,(anonymous_7)
FNDA:1,(anonymous_8)
FNDA:10,(anonymous_9)
FNDA:2,(anonymous_10)
FNDA:2,(anonymous_11)
FNDA:2,(anonymous_12)
FNDA:3,(anonymous_13)
FNDA:6,(anonymous_14)
FNDA:2,(anonymous_15)
FNDA:3,(anonymous_16)
FNDA:2,(anonymous_17)
FNDA:4,(anonymous_18)
FNDA:1,(anonymous_19)
FNDA:0,createAuthService
FNDA:0,getAuthService
DA:11,1
DA:41,1
DA:43,44
DA:44,44
DA:50,44
DA:59,44
DA:60,0
DA:68,10
DA:84,7
DA:96,10
DA:102,10
DA:103,1
DA:106,9
DA:113,9
DA:114,9
DA:116,9
DA:130,9
DA:144,0
DA:145,0
DA:146,0
DA:147,0
DA:149,0
DA:150,0
DA:158,2
DA:159,1
DA:160,1
DA:171,10
DA:172,10
DA:177,10
DA:178,5
DA:184,5
DA:185,0
DA:191,5
DA:192,5
DA:194,5
DA:199,0
DA:211,2
DA:212,2
DA:219,2
DA:220,1
DA:226,1
DA:231,0
DA:242,2
DA:243,2
DA:249,2
DA:250,1
DA:256,1
DA:257,0
DA:263,1
DA:264,1
DA:266,1
DA:271,0
DA:282,2
DA:283,2
DA:284,2
DA:291,3
DA:292,3
DA:294,3
DA:295,1
DA:301,2
DA:302,1
DA:308,1
DA:309,1
DA:311,1
DA:316,0
DA:327,6
DA:328,0
DA:331,6
DA:333,6
DA:334,3
DA:337,3
DA:338,3
DA:345,2
DA:346,2
DA:353,2
DA:354,1
DA:360,1
DA:365,0
DA:376,3
DA:378,3
DA:379,3
DA:380,2
DA:387,1
DA:391,1
DA:392,0
DA:398,1
DA:403,0
DA:414,2
DA:421,4
DA:424,4
DA:425,1
DA:426,1
DA:427,1
DA:434,1
DA:436,1
DA:440,0
DA:441,0
DA:443,0
DA:446,1
DA:447,0
LF:100
LH:79
BRDA:70,0,0,10
BRDA:70,0,1,0
BRDA:71,1,0,10
BRDA:71,1,1,1
BRDA:71,1,2,0
BRDA:72,2,0,10
BRDA:72,2,1,1
BRDA:73,3,0,10
BRDA:73,3,1,1
BRDA:74,4,0,10
BRDA:74,4,1,1
BRDA:74,4,2,0
BRDA:75,5,0,10
BRDA:75,5,1,1
BRDA:76,6,0,10
BRDA:76,6,1,1
BRDA:76,6,2,0
BRDA:87,7,0,7
BRDA:87,7,1,0
BRDA:102,8,0,1
BRDA:102,9,0,10
BRDA:102,9,1,10
BRDA:114,10,0,9
BRDA:114,10,1,0
BRDA:132,11,0,9
BRDA:132,11,1,0
BRDA:132,11,2,0
BRDA:133,12,0,2
BRDA:133,12,1,7
BRDA:144,13,0,0
BRDA:144,13,1,0
BRDA:177,14,0,5
BRDA:184,15,0,0
BRDA:184,16,0,5
BRDA:184,16,1,5
BRDA:219,17,0,1
BRDA:249,18,0,1
BRDA:256,19,0,0
BRDA:256,20,0,1
BRDA:256,20,1,1
BRDA:294,21,0,1
BRDA:301,22,0,1
BRDA:301,23,0,2
BRDA:301,23,1,1
BRDA:327,24,0,0
BRDA:333,25,0,3
BRDA:353,26,0,1
BRDA:379,27,0,2
BRDA:391,28,0,0
BRDA:426,29,0,1
BRDA:440,30,0,0
BRF:51
BRH:36
end_of_record
TN:
SF:src/services/CalculationService.ts
FN:242,(anonymous_0)
FN:302,(anonymous_1)
FN:337,(anonymous_2)
FN:345,(anonymous_3)
FN:366,(anonymous_4)
FN:371,(anonymous_5)
FN:379,(anonymous_6)
FN:388,(anonymous_7)
FN:397,(anonymous_8)
FN:406,(anonymous_9)
FN:415,(anonymous_10)
FN:450,(anonymous_11)
FN:457,(anonymous_12)
FN:467,(anonymous_13)
FN:477,(anonymous_14)
FN:487,(anonymous_15)
FN:498,(anonymous_16)
FN:508,(anonymous_17)
FN:517,(anonymous_18)
FN:535,(anonymous_19)
FN:555,(anonymous_20)
FN:590,(anonymous_21)
FN:676,(anonymous_22)
FN:722,(anonymous_23)
FN:757,(anonymous_24)
FN:775,(anonymous_25)
FN:804,(anonymous_26)
FN:816,(anonymous_27)
FN:828,(anonymous_28)
FN:835,(anonymous_29)
FN:840,(anonymous_30)
FN:842,(anonymous_31)
FN:848,(anonymous_32)
FN:850,(anonymous_33)
FN:857,(anonymous_34)
FN:859,(anonymous_35)
FN:888,createCalculationService
FN:895,getCalculationService
FN:899,resetCalculationService
FNF:39
FNH:0
FNDA:0,(anonymous_0)
FNDA:0,(anonymous_1)
FNDA:0,(anonymous_2)
FNDA:0,(anonymous_3)
FNDA:0,(anonymous_4)
FNDA:0,(anonymous_5)
FNDA:0,(anonymous_6)
FNDA:0,(anonymous_7)
FNDA:0,(anonymous_8)
FNDA:0,(anonymous_9)
FNDA:0,(anonymous_10)
FNDA:0,(anonymous_11)
FNDA:0,(anonymous_12)
FNDA:0,(anonymous_13)
FNDA:0,(anonymous_14)
FNDA:0,(anonymous_15)
FNDA:0,(anonymous_16)
FNDA:0,(anonymous_17)
FNDA:0,(anonymous_18)
FNDA:0,(anonymous_19)
FNDA:0,(anonymous_20)
FNDA:0,(anonymous_21)
FNDA:0,(anonymous_22)
FNDA:0,(anonymous_23)
FNDA:0,(anonymous_24)
FNDA:0,(anonymous_25)
FNDA:0,(anonymous_26)
FNDA:0,(anonymous_27)
FNDA:0,(anonymous_28)
FNDA:0,(anonymous_29)
FNDA:0,(anonymous_30)
FNDA:0,(anonymous_31)
FNDA:0,(anonymous_32)
FNDA:0,(anonymous_33)
FNDA:0,(anonymous_34)
FNDA:0,(anonymous_35)
FNDA:0,createCalculationService
FNDA:0,getCalculationService
FNDA:0,resetCalculationService
DA:13,0
DA:37,0
DA:56,0
DA:75,0
DA:94,0
DA:105,0
DA:116,0
DA:238,0
DA:243,0
DA:245,0
DA:248,0
DA:251,0
DA:254,0
DA:257,0
DA:260,0
DA:263,0
DA:274,0
DA:275,0
DA:278,0
DA:279,0
DA:281,0
DA:288,0
DA:303,0
DA:304,0
DA:306,0
DA:307,0
DA:310,0
DA:311,0
DA:312,0
DA:313,0
DA:316,0
DA:319,0
DA:322,0
DA:324,0
DA:339,0
DA:351,0
DA:358,0
DA:360,0
DA:367,0
DA:370,0
DA:371,0
DA:372,0
DA:376,0
DA:377,0
DA:378,0
DA:379,0
DA:380,0
DA:385,0
DA:386,0
DA:387,0
DA:388,0
DA:389,0
DA:394,0
DA:395,0
DA:396,0
DA:397,0
DA:398,0
DA:403,0
DA:404,0
DA:405,0
DA:406,0
DA:407,0
DA:412,0
DA:413,0
DA:414,0
DA:415,0
DA:416,0
DA:421,0
DA:424,0
DA:427,0
DA:431,0
DA:451,0
DA:458,0
DA:459,0
DA:460,0
DA:461,0
DA:468,0
DA:469,0
DA:470,0
DA:471,0
DA:478,0
DA:479,0
DA:480,0
DA:481,0
DA:488,0
DA:490,0
DA:491,0
DA:492,0
DA:499,0
DA:500,0
DA:501,0
DA:502,0
DA:509,0
DA:510,0
DA:511,0
DA:518,0
DA:519,0
DA:520,0
DA:523,0
DA:526,0
DA:527,0
DA:529,0
DA:536,0
DA:537,0
DA:538,0
DA:541,0
DA:544,0
DA:547,0
DA:549,0
DA:557,0
DA:560,0
DA:561,0
DA:562,0
DA:565,0
DA:566,0
DA:569,0
DA:570,0
DA:571,0
DA:574,0
DA:575,0
DA:577,0
DA:595,0
DA:598,0
DA:599,0
DA:602,0
DA:603,0
DA:604,0
DA:605,0
DA:608,0
DA:611,0
DA:612,0
DA:613,0
DA:614,0
DA:617,0
DA:637,0
DA:638,0
DA:641,0
DA:642,0
DA:643,0
DA:644,0
DA:646,0
DA:667,0
DA:668,0
DA:670,0
DA:677,0
DA:680,0
DA:681,0
DA:682,0
DA:684,0
DA:685,0
DA:686,0
DA:687,0
DA:688,0
DA:689,0
DA:691,0
DA:712,0
DA:713,0
DA:714,0
DA:716,0
DA:723,0
DA:724,0
DA:725,0
DA:726,0
DA:727,0
DA:728,0
DA:730,0
DA:749,0
DA:751,0
DA:758,0
DA:776,0
DA:805,0
DA:806,0
DA:807,0
DA:810,0
DA:817,0
DA:818,0
DA:819,0
DA:822,0
DA:829,0
DA:836,0
DA:839,0
DA:840,0
DA:841,0
DA:842,0
DA:845,0
DA:846,0
DA:847,0
DA:848,0
DA:849,0
DA:850,0
DA:854,0
DA:855,0
DA:856,0
DA:857,0
DA:858,0
DA:859,0
DA:864,0
DA:867,0
DA:868,0
DA:869,0
DA:870,0
DA:871,0
DA:872,0
DA:874,0
DA:886,0
DA:888,0
DA:889,0
DA:890,0
DA:892,0
DA:895,0
DA:896,0
DA:899,0
DA:900,0
LF:213
LH:0
BRDA:292,0,0,0
BRDA:292,0,1,0
BRDA:306,1,0,0
BRDA:306,1,1,0
BRDA:307,2,0,0
BRDA:307,2,1,0
BRDA:312,3,0,0
BRDA:312,3,1,0
BRDA:313,4,0,0
BRDA:316,5,0,0
BRDA:316,5,1,0
BRDA:358,6,0,0
BRDA:358,6,1,0
BRDA:377,7,0,0
BRDA:386,8,0,0
BRDA:395,9,0,0
BRDA:404,10,0,0
BRDA:413,11,0,0
BRDA:451,12,0,0
BRDA:451,12,1,0
BRDA:519,13,0,0
BRDA:519,13,1,0
BRDA:537,14,0,0
BRDA:537,14,1,0
BRDA:806,15,0,0
BRDA:818,16,0,0
BRDA:841,17,0,0
BRDA:841,17,1,0
BRDA:846,18,0,0
BRDA:849,19,0,0
BRDA:849,19,1,0
BRDA:855,20,0,0
BRDA:858,21,0,0
BRDA:858,21,1,0
BRDA:868,22,0,0
BRDA:868,22,1,0
BRDA:869,23,0,0
BRDA:869,23,1,0
BRDA:870,24,0,0
BRDA:870,24,1,0
BRDA:871,25,0,0
BRDA:871,25,1,0
BRDA:877,26,0,0
BRDA:877,26,1,0
BRDA:877,27,0,0
BRDA:877,27,1,0
BRDA:878,28,0,0
BRDA:878,28,1,0
BRDA:878,29,0,0
BRDA:878,29,1,0
BRDA:879,30,0,0
BRDA:879,30,1,0
BRDA:879,31,0,0
BRDA:879,31,1,0
BRDA:889,32,0,0
BRF:55
BRH:0
end_of_record
TN:
SF:src/services/DPEService.ts
FN:27,(anonymous_0)
FN:154,(anonymous_1)
FN:158,(anonymous_2)
FN:162,(anonymous_3)
FN:169,(anonymous_4)
FN:173,(anonymous_5)
FN:182,(anonymous_6)
FN:185,(anonymous_7)
FN:188,(anonymous_8)
FN:191,(anonymous_9)
FN:196,(anonymous_10)
FN:204,(anonymous_11)
FN:223,(anonymous_12)
FN:231,(anonymous_13)
FN:241,(anonymous_14)
FN:248,(anonymous_15)
FN:266,(anonymous_16)
FN:370,(anonymous_17)
FN:400,(anonymous_18)
FN:432,(anonymous_19)
FN:489,(anonymous_20)
FN:530,(anonymous_21)
FN:553,(anonymous_22)
FN:560,(anonymous_23)
FN:623,(anonymous_24)
FN:666,(anonymous_25)
FN:709,(anonymous_26)
FN:759,(anonymous_27)
FN:795,(anonymous_28)
FN:820,(anonymous_29)
FN:976,(anonymous_30)
FN:1029,(anonymous_31)
FN:1062,(anonymous_32)
FN:1170,(anonymous_33)
FN:1182,(anonymous_34)
FN:1194,(anonymous_35)
FN:1237,createDPEService
FN:1244,getDPEService
FN:1248,resetDPEService
FNF:39
FNH:0
FNDA:0,(anonymous_0)
FNDA:0,(anonymous_1)
FNDA:0,(anonymous_2)
FNDA:0,(anonymous_3)
FNDA:0,(anonymous_4)
FNDA:0,(anonymous_5)
FNDA:0,(anonymous_6)
FNDA:0,(anonymous_7)
FNDA:0,(anonymous_8)
FNDA:0,(anonymous_9)
FNDA:0,(anonymous_10)
FNDA:0,(anonymous_11)
FNDA:0,(anonymous_12)
FNDA:0,(anonymous_13)
FNDA:0,(anonymous_14)
FNDA:0,(anonymous_15)
FNDA:0,(anonymous_16)
FNDA:0,(anonymous_17)
FNDA:0,(anonymous_18)
FNDA:0,(anonymous_19)
FNDA:0,(anonymous_20)
FNDA:0,(anonymous_21)
FNDA:0,(anonymous_22)
FNDA:0,(anonymous_23)
FNDA:0,(anonymous_24)
FNDA:0,(anonymous_25)
FNDA:0,(anonymous_26)
FNDA:0,(anonymous_27)
FNDA:0,(anonymous_28)
FNDA:0,(anonymous_29)
FNDA:0,(anonymous_30)
FNDA:0,(anonymous_31)
FNDA:0,(anonymous_32)
FNDA:0,(anonymous_33)
FNDA:0,(anonymous_34)
FNDA:0,(anonymous_35)
FNDA:0,createDPEService
FNDA:0,getDPEService
FNDA:0,resetDPEService
DA:11,0
DA:27,0
DA:28,0
DA:29,0
DA:30,0
DA:31,0
DA:32,0
DA:119,0
DA:129,0
DA:152,0
DA:155,0
DA:159,0
DA:163,0
DA:164,0
DA:165,0
DA:170,0
DA:178,0
DA:180,0
DA:181,0
DA:182,0
DA:184,0
DA:185,0
DA:187,0
DA:188,0
DA:190,0
DA:191,0
DA:193,0
DA:194,0
DA:195,0
DA:197,0
DA:204,0
DA:205,0
DA:208,0
DA:209,0
DA:211,0
DA:219,0
DA:224,0
DA:225,0
DA:232,0
DA:233,0
DA:234,0
DA:235,0
DA:242,0
DA:249,0
DA:250,0
DA:267,0
DA:269,0
DA:371,0
DA:372,0
DA:373,0
DA:375,0
DA:380,0
DA:382,0
DA:387,0
DA:401,0
DA:402,0
DA:404,0
DA:405,0
DA:414,0
DA:419,0
DA:433,0
DA:434,0
DA:436,0
DA:437,0
DA:446,0
DA:447,0
DA:456,0
DA:469,0
DA:471,0
DA:476,0
DA:490,0
DA:491,0
DA:493,0
DA:494,0
DA:503,0
DA:504,0
DA:513,0
DA:515,0
DA:517,0
DA:531,0
DA:532,0
DA:534,0
DA:540,0
DA:554,0
DA:561,0
DA:562,0
DA:564,0
DA:565,0
DA:575,0
DA:583,0
DA:584,0
DA:593,0
DA:603,0
DA:605,0
DA:610,0
DA:624,0
DA:625,0
DA:627,0
DA:628,0
DA:637,0
DA:646,0
DA:648,0
DA:653,0
DA:667,0
DA:668,0
DA:670,0
DA:671,0
DA:680,0
DA:681,0
DA:682,0
DA:684,0
DA:689,0
DA:691,0
DA:696,0
DA:710,0
DA:711,0
DA:713,0
DA:714,0
DA:720,0
DA:721,0
DA:722,0
DA:725,0
DA:727,0
DA:728,0
DA:731,0
DA:732,0
DA:734,0
DA:746,0
DA:760,0
DA:761,0
DA:762,0
DA:765,0
DA:767,0
DA:768,0
DA:770,0
DA:782,0
DA:796,0
DA:799,0
DA:802,0
DA:805,0
DA:807,0
DA:822,0
DA:823,0
DA:826,0
DA:827,0
DA:829,0
DA:842,0
DA:843,0
DA:845,0
DA:869,0
DA:889,0
DA:890,0
DA:892,0
DA:913,0
DA:914,0
DA:915,0
DA:917,0
DA:938,0
DA:939,0
DA:940,0
DA:942,0
DA:961,0
DA:963,0
DA:977,0
DA:978,0
DA:981,0
DA:982,0
DA:985,0
DA:986,0
DA:989,0
DA:990,0
DA:991,0
DA:994,0
DA:995,0
DA:999,0
DA:1000,0
DA:1001,0
DA:1004,0
DA:1005,0
DA:1010,0
DA:1012,0
DA:1030,0
DA:1031,0
DA:1032,0
DA:1034,0
DA:1066,0
DA:1069,0
DA:1089,0
DA:1090,0
DA:1093,0
DA:1114,0
DA:1115,0
DA:1116,0
DA:1118,0
DA:1139,0
DA:1140,0
DA:1141,0
DA:1143,0
DA:1162,0
DA:1164,0
DA:1171,0
DA:1172,0
DA:1173,0
DA:1176,0
DA:1183,0
DA:1184,0
DA:1185,0
DA:1188,0
DA:1195,0
DA:1197,0
DA:1198,0
DA:1199,0
DA:1202,0
DA:1205,0
DA:1206,0
DA:1209,0
DA:1210,0
DA:1213,0
DA:1215,0
DA:1218,0
DA:1221,0
DA:1222,0
DA:1226,0
DA:1227,0
DA:1230,0
DA:1235,0
DA:1237,0
DA:1238,0
DA:1239,0
DA:1241,0
DA:1244,0
DA:1245,0
DA:1248,0
DA:1249,0
LF:234
LH:0
BRDA:27,0,0,0
BRDA:27,0,1,0
BRDA:159,1,0,0
BRDA:159,1,1,0
BRDA:164,2,0,0
BRDA:175,3,0,0
BRDA:176,4,0,0
BRDA:180,5,0,0
BRDA:181,6,0,0
BRDA:184,7,0,0
BRDA:187,8,0,0
BRDA:190,9,0,0
BRDA:193,10,0,0
BRDA:197,11,0,0
BRDA:197,11,1,0
BRDA:224,12,0,0
BRDA:224,12,1,0
BRDA:272,13,0,0
BRDA:272,13,1,0
BRDA:273,14,0,0
BRDA:273,14,1,0
BRDA:274,15,0,0
BRDA:274,15,1,0
BRDA:275,16,0,0
BRDA:275,16,1,0
BRDA:276,17,0,0
BRDA:276,17,1,0
BRDA:277,18,0,0
BRDA:277,18,1,0
BRDA:289,19,0,0
BRDA:289,19,1,0
BRDA:356,20,0,0
BRDA:356,20,1,0
BRDA:391,21,0,0
BRDA:391,21,1,0
BRDA:404,22,0,0
BRDA:423,23,0,0
BRDA:423,23,1,0
BRDA:436,24,0,0
BRDA:446,25,0,0
BRDA:480,26,0,0
BRDA:480,26,1,0
BRDA:493,27,0,0
BRDA:503,28,0,0
BRDA:521,29,0,0
BRDA:521,29,1,0
BRDA:530,30,0,0
BRDA:530,31,0,0
BRDA:544,32,0,0
BRDA:544,32,1,0
BRDA:564,33,0,0
BRDA:583,34,0,0
BRDA:614,35,0,0
BRDA:614,35,1,0
BRDA:627,36,0,0
BRDA:657,37,0,0
BRDA:657,37,1,0
BRDA:670,38,0,0
BRDA:700,39,0,0
BRDA:700,39,1,0
BRDA:713,40,0,0
BRDA:713,41,0,0
BRDA:713,41,1,0
BRDA:721,42,0,0
BRDA:721,42,1,0
BRDA:750,43,0,0
BRDA:750,43,1,0
BRDA:762,44,0,0
BRDA:762,44,1,0
BRDA:786,45,0,0
BRDA:786,45,1,0
BRDA:796,46,0,0
BRDA:796,46,1,0
BRDA:977,47,0,0
BRDA:977,47,1,0
BRDA:982,48,0,0
BRDA:982,48,1,0
BRDA:990,49,0,0
BRDA:991,50,0,0
BRDA:991,50,1,0
BRDA:1000,51,0,0
BRDA:1001,52,0,0
BRDA:1001,52,1,0
BRDA:1066,53,0,0
BRDA:1066,53,1,0
BRDA:1172,54,0,0
BRDA:1184,55,0,0
BRDA:1198,56,0,0
BRDA:1198,57,0,0
BRDA:1198,57,1,0
BRDA:1205,58,0,0
BRDA:1209,59,0,0
BRDA:1213,60,0,0
BRDA:1213,61,0,0
BRDA:1213,61,1,0
BRDA:1218,62,0,0
BRDA:1218,62,1,0
BRDA:1221,63,0,0
BRDA:1226,64,0,0
BRDA:1238,65,0,0
BRF:100
BRH:0
end_of_record
TN:
SF:src/services/ExportService.ts
FN:21,(anonymous_0)
FN:27,(anonymous_1)
FN:121,(anonymous_2)
FN:128,(anonymous_3)
FN:154,(anonymous_4)
FN:201,(anonymous_5)
FN:324,(anonymous_6)
FN:336,(anonymous_7)
FN:343,(anonymous_8)
FN:396,(anonymous_9)
FN:451,(anonymous_10)
FN:481,(anonymous_11)
FN:514,(anonymous_12)
FN:529,(anonymous_13)
FN:561,(anonymous_14)
FN:574,createExportService
FN:581,getExportService
FN:585,resetExportService
FNF:18
FNH:0
FNDA:0,(anonymous_0)
FNDA:0,(anonymous_1)
FNDA:0,(anonymous_2)
FNDA:0,(anonymous_3)
FNDA:0,(anonymous_4)
FNDA:0,(anonymous_5)
FNDA:0,(anonymous_6)
FNDA:0,(anonymous_7)
FNDA:0,(anonymous_8)
FNDA:0,(anonymous_9)
FNDA:0,(anonymous_10)
FNDA:0,(anonymous_11)
FNDA:0,(anonymous_12)
FNDA:0,(anonymous_13)
FNDA:0,(anonymous_14)
FNDA:0,createExportService
FNDA:0,getExportService
FNDA:0,resetExportService
DA:11,0
DA:15,0
DA:21,0
DA:22,0
DA:23,0
DA:24,0
DA:27,0
DA:28,0
DA:29,0
DA:30,0
DA:31,0
DA:118,0
DA:122,0
DA:129,0
DA:131,0
DA:136,0
DA:138,0
DA:140,0
DA:155,0
DA:157,0
DA:158,0
DA:159,0
DA:171,0
DA:173,0
DA:175,0
DA:186,0
DA:202,0
DA:203,0
DA:204,0
DA:206,0
DA:207,0
DA:208,0
DA:209,0
DA:211,0
DA:318,0
DA:325,0
DA:335,0
DA:336,0
DA:344,0
DA:345,0
DA:347,0
DA:397,0
DA:399,0
DA:400,0
DA:401,0
DA:413,0
DA:415,0
DA:416,0
DA:426,0
DA:437,0
DA:452,0
DA:453,0
DA:454,0
DA:456,0
DA:467,0
DA:482,0
DA:483,0
DA:484,0
DA:485,0
DA:487,0
DA:488,0
DA:489,0
DA:491,0
DA:492,0
DA:494,0
DA:495,0
DA:496,0
DA:501,0
DA:516,0
DA:523,0
DA:530,0
DA:533,0
DA:534,0
DA:537,0
DA:538,0
DA:541,0
DA:543,0
DA:547,0
DA:548,0
DA:549,0
DA:553,0
DA:563,0
DA:564,0
DA:567,0
DA:572,0
DA:574,0
DA:575,0
DA:576,0
DA:578,0
DA:581,0
DA:582,0
DA:585,0
DA:586,0
LF:93
LH:0
BRDA:21,0,0,0
BRDA:21,0,1,0
BRDA:27,1,0,0
BRDA:27,1,1,0
BRDA:122,2,0,0
BRDA:122,2,1,0
BRDA:129,3,0,0
BRDA:129,3,1,0
BRDA:129,3,2,0
BRDA:129,3,3,0
BRDA:132,4,0,0
BRDA:132,4,1,0
BRDA:158,5,0,0
BRDA:191,6,0,0
BRDA:191,6,1,0
BRDA:202,7,0,0
BRDA:202,7,1,0
BRDA:206,8,0,0
BRDA:206,8,1,0
BRDA:207,9,0,0
BRDA:207,9,1,0
BRDA:208,10,0,0
BRDA:208,10,1,0
BRDA:209,11,0,0
BRDA:209,11,1,0
BRDA:249,12,0,0
BRDA:249,12,1,0
BRDA:274,13,0,0
BRDA:274,13,1,0
BRDA:278,14,0,0
BRDA:278,14,1,0
BRDA:282,15,0,0
BRDA:282,15,1,0
BRDA:287,16,0,0
BRDA:287,16,1,0
BRDA:345,17,0,0
BRDA:353,18,0,0
BRDA:353,18,1,0
BRDA:357,19,0,0
BRDA:357,19,1,0
BRDA:361,20,0,0
BRDA:361,20,1,0
BRDA:365,21,0,0
BRDA:365,21,1,0
BRDA:375,22,0,0
BRDA:375,22,1,0
BRDA:379,23,0,0
BRDA:379,23,1,0
BRDA:383,24,0,0
BRDA:383,24,1,0
BRDA:387,25,0,0
BRDA:387,25,1,0
BRDA:400,26,0,0
BRDA:415,27,0,0
BRDA:415,28,0,0
BRDA:415,28,1,0
BRDA:421,29,0,0
BRDA:421,29,1,0
BRDA:431,30,0,0
BRDA:431,30,1,0
BRDA:433,31,0,0
BRDA:433,31,1,0
BRDA:442,32,0,0
BRDA:442,32,1,0
BRDA:451,33,0,0
BRDA:453,34,0,0
BRDA:453,34,1,0
BRDA:472,35,0,0
BRDA:472,35,1,0
BRDA:491,36,0,0
BRDA:491,36,1,0
BRDA:495,37,0,0
BRDA:507,38,0,0
BRDA:507,38,1,0
BRDA:533,39,0,0
BRDA:537,40,0,0
BRDA:541,41,0,0
BRDA:541,42,0,0
BRDA:541,42,1,0
BRDA:547,43,0,0
BRDA:548,44,0,0
BRDA:575,45,0,0
BRF:82
BRH:0
end_of_record
TN:
SF:src/services/SyncService.ts
FN:18,(anonymous_0)
FN:31,(anonymous_1)
FN:37,(anonymous_2)
FN:155,(anonymous_3)
FN:159,(anonymous_4)
FN:163,(anonymous_5)
FN:167,(anonymous_6)
FN:189,(anonymous_7)
FN:196,(anonymous_8)
FN:216,(anonymous_9)
FN:222,(anonymous_10)
FN:239,(anonymous_11)
FN:246,(anonymous_12)
FN:253,(anonymous_13)
FN:279,(anonymous_14)
FN:286,(anonymous_15)
FN:322,(anonymous_16)
FN:338,(anonymous_17)
FN:385,(anonymous_18)
FN:389,(anonymous_19)
FN:390,(anonymous_20)
FN:404,(anonymous_21)
FN:407,(anonymous_22)
FN:412,(anonymous_23)
FN:422,(anonymous_24)
FN:429,(anonymous_25)
FN:441,(anonymous_26)
FN:442,(anonymous_27)
FN:455,(anonymous_28)
FN:482,(anonymous_29)
FN:484,(anonymous_30)
FN:502,(anonymous_31)
FN:511,(anonymous_32)
FN:513,(anonymous_33)
FN:526,(anonymous_34)
FN:534,(anonymous_35)
FN:535,(anonymous_36)
FN:547,(anonymous_37)
FN:548,(anonymous_38)
FN:560,(anonymous_39)
FN:563,(anonymous_40)
FN:574,(anonymous_41)
FN:577,(anonymous_42)
FN:588,(anonymous_43)
FN:600,(anonymous_44)
FN:612,(anonymous_45)
FN:624,createSyncService
FN:631,getSyncService
FN:635,resetSyncService
FNF:49
FNH:0
FNDA:0,(anonymous_0)
FNDA:0,(anonymous_1)
FNDA:0,(anonymous_2)
FNDA:0,(anonymous_3)
FNDA:0,(anonymous_4)
FNDA:0,(anonymous_5)
FNDA:0,(anonymous_6)
FNDA:0,(anonymous_7)
FNDA:0,(anonymous_8)
FNDA:0,(anonymous_9)
FNDA:0,(anonymous_10)
FNDA:0,(anonymous_11)
FNDA:0,(anonymous_12)
FNDA:0,(anonymous_13)
FNDA:0,(anonymous_14)
FNDA:0,(anonymous_15)
FNDA:0,(anonymous_16)
FNDA:0,(anonymous_17)
FNDA:0,(anonymous_18)
FNDA:0,(anonymous_19)
FNDA:0,(anonymous_20)
FNDA:0,(anonymous_21)
FNDA:0,(anonymous_22)
FNDA:0,(anonymous_23)
FNDA:0,(anonymous_24)
FNDA:0,(anonymous_25)
FNDA:0,(anonymous_26)
FNDA:0,(anonymous_27)
FNDA:0,(anonymous_28)
FNDA:0,(anonymous_29)
FNDA:0,(anonymous_30)
FNDA:0,(anonymous_31)
FNDA:0,(anonymous_32)
FNDA:0,(anonymous_33)
FNDA:0,(anonymous_34)
FNDA:0,(anonymous_35)
FNDA:0,(anonymous_36)
FNDA:0,(anonymous_37)
FNDA:0,(anonymous_38)
FNDA:0,(anonymous_39)
FNDA:0,(anonymous_40)
FNDA:0,(anonymous_41)
FNDA:0,(anonymous_42)
FNDA:0,(anonymous_43)
FNDA:0,(anonymous_44)
FNDA:0,(anonymous_45)
FNDA:0,createSyncService
FNDA:0,getSyncService
FNDA:0,resetSyncService
DA:18,0
DA:20,0
DA:22,0
DA:24,0
DA:26,0
DA:28,0
DA:31,0
DA:32,0
DA:33,0
DA:34,0
DA:37,0
DA:38,0
DA:39,0
DA:40,0
DA:153,0
DA:156,0
DA:160,0
DA:164,0
DA:168,0
DA:176,0
DA:178,0
DA:179,0
DA:181,0
DA:182,0
DA:183,0
DA:184,0
DA:185,0
DA:186,0
DA:187,0
DA:190,0
DA:198,0
DA:199,0
DA:200,0
DA:204,0
DA:207,0
DA:210,0
DA:222,0
DA:223,0
DA:224,0
DA:225,0
DA:226,0
DA:229,0
DA:230,0
DA:240,0
DA:247,0
DA:256,0
DA:263,0
DA:264,0
DA:266,0
DA:269,0
DA:270,0
DA:273,0
DA:280,0
DA:287,0
DA:288,0
DA:296,0
DA:297,0
DA:305,0
DA:306,0
DA:308,0
DA:309,0
DA:310,0
DA:312,0
DA:314,0
DA:316,0
DA:317,0
DA:318,0
DA:319,0
DA:322,0
DA:324,0
DA:325,0
DA:327,0
DA:328,0
DA:330,0
DA:337,0
DA:338,0
DA:343,0
DA:346,0
DA:347,0
DA:348,0
DA:349,0
DA:350,0
DA:351,0
DA:353,0
DA:356,0
DA:363,0
DA:365,0
DA:378,0
DA:389,0
DA:390,0
DA:392,0
DA:393,0
DA:395,0
DA:406,0
DA:407,0
DA:410,0
DA:412,0
DA:413,0
DA:414,0
DA:418,0
DA:420,0
DA:422,0
DA:430,0
DA:442,0
DA:444,0
DA:445,0
DA:448,0
DA:451,0
DA:452,0
DA:455,0
DA:456,0
DA:459,0
DA:460,0
DA:461,0
DA:463,0
DA:466,0
DA:469,0
DA:472,0
DA:473,0
DA:476,0
DA:483,0
DA:484,0
DA:486,0
DA:487,0
DA:489,0
DA:490,0
DA:493,0
DA:496,0
DA:503,0
DA:504,0
DA:505,0
DA:513,0
DA:514,0
DA:515,0
DA:518,0
DA:520,0
DA:527,0
DA:528,0
DA:535,0
DA:536,0
DA:537,0
DA:548,0
DA:549,0
DA:550,0
DA:561,0
DA:563,0
DA:564,0
DA:565,0
DA:566,0
DA:575,0
DA:577,0
DA:578,0
DA:579,0
DA:580,0
DA:589,0
DA:601,0
DA:613,0
DA:622,0
DA:624,0
DA:625,0
DA:626,0
DA:628,0
DA:631,0
DA:632,0
DA:635,0
DA:636,0
LF:166
LH:0
BRDA:18,0,0,0
BRDA:18,0,1,0
BRDA:31,1,0,0
BRDA:31,1,1,0
BRDA:37,2,0,0
BRDA:37,2,1,0
BRDA:156,3,0,0
BRDA:156,3,1,0
BRDA:190,4,0,0
BRDA:190,4,1,0
BRDA:199,5,0,0
BRDA:204,6,0,0
BRDA:204,6,1,0
BRDA:223,7,0,0
BRDA:223,7,1,0
BRDA:224,8,0,0
BRDA:229,9,0,0
BRDA:229,10,0,0
BRDA:229,10,1,0
BRDA:269,11,0,0
BRDA:269,12,0,0
BRDA:269,12,1,0
BRDA:287,13,0,0
BRDA:296,14,0,0
BRDA:327,15,0,0
BRDA:327,15,1,0
BRDA:337,16,0,0
BRDA:346,17,0,0
BRDA:346,17,1,0
BRDA:346,18,0,0
BRDA:346,18,1,0
BRDA:350,19,0,0
BRDA:350,19,1,0
BRDA:360,20,0,0
BRDA:360,20,1,0
BRDA:373,21,0,0
BRDA:373,21,1,0
BRDA:392,22,0,0
BRDA:392,22,1,0
BRDA:407,23,0,0
BRDA:407,23,1,0
BRDA:410,24,0,0
BRDA:444,25,0,0
BRDA:448,26,0,0
BRDA:448,26,1,0
BRDA:448,26,2,0
BRDA:448,26,3,0
BRDA:459,27,0,0
BRDA:472,28,0,0
BRDA:486,29,0,0
BRDA:489,30,0,0
BRDA:565,31,0,0
BRDA:579,32,0,0
BRDA:625,33,0,0
BRF:54
BRH:0
end_of_record
TN:
SF:src/services/ValidationService.ts
FN:208,(anonymous_0)
FN:221,(anonymous_1)
FN:234,(anonymous_2)
FN:247,(anonymous_3)
FN:253,(anonymous_4)
FN:263,(anonymous_5)
FN:277,(anonymous_6)
FN:303,(anonymous_7)
FN:320,(anonymous_8)
FN:447,(anonymous_9)
FN:457,(anonymous_10)
FN:522,(anonymous_11)
FN:529,(anonymous_12)
FN:532,(anonymous_13)
FN:539,(anonymous_14)
FN:551,(anonymous_15)
FN:558,(anonymous_16)
FN:565,(anonymous_17)
FN:573,(anonymous_18)
FN:575,(anonymous_19)
FN:578,(anonymous_20)
FN:586,(anonymous_21)
FN:594,(anonymous_22)
FN:605,createValidationService
FN:612,getValidationService
FNF:25
FNH:23
FNDA:21,(anonymous_0)
FNDA:21,(anonymous_1)
FNDA:21,(anonymous_2)
FNDA:11,(anonymous_3)
FNDA:4,(anonymous_4)
FNDA:10,(anonymous_5)
FNDA:10,(anonymous_6)
FNDA:222,(anonymous_7)
FNDA:229,(anonymous_8)
FNDA:56,(anonymous_9)
FNDA:91,(anonymous_10)
FNDA:46,(anonymous_11)
FNDA:8,(anonymous_12)
FNDA:60,(anonymous_13)
FNDA:2,(anonymous_14)
FNDA:3,(anonymous_15)
FNDA:2,(anonymous_16)
FNDA:143,(anonymous_17)
FNDA:140,(anonymous_18)
FNDA:840,(anonymous_19)
FNDA:26,(anonymous_20)
FNDA:2,(anonymous_21)
FNDA:3,(anonymous_22)
FNDA:0,createValidationService
FNDA:0,getValidationService
DA:23,1
DA:204,1
DA:209,21
DA:210,21
DA:211,21
DA:212,21
DA:222,21
DA:223,21
DA:224,21
DA:225,21
DA:235,21
DA:236,21
DA:237,21
DA:238,21
DA:248,11
DA:249,11
DA:250,11
DA:251,11
DA:252,11
DA:253,11
DA:254,11
DA:264,10
DA:265,10
DA:266,10
DA:267,10
DA:268,1
DA:278,10
DA:279,10
DA:280,10
DA:281,10
DA:282,10
DA:284,1
DA:285,1
DA:287,1
DA:288,1
DA:296,1
DA:297,67
DA:298,67
DA:304,222
DA:305,222
DA:307,222
DA:308,285
DA:309,43
DA:311,242
DA:314,179
DA:322,229
DA:323,179
DA:332,50
DA:333,0
DA:337,50
DA:338,50
DA:340,50
DA:341,9
DA:342,9
DA:343,1
DA:350,41
DA:351,0
DA:360,49
DA:361,0
DA:362,0
DA:363,0
DA:373,49
DA:374,0
DA:375,0
DA:382,0
DA:383,0
DA:393,49
DA:394,27
DA:395,3
DA:402,24
DA:403,1
DA:410,23
DA:411,1
DA:421,44
DA:422,14
DA:423,4
DA:433,40
DA:434,1
DA:435,1
DA:436,1
DA:441,39
DA:448,56
DA:449,56
DA:450,56
DA:452,56
DA:455,56
DA:457,91
DA:460,56
DA:461,140
DA:462,140
DA:464,140
DA:465,222
DA:466,222
DA:468,222
DA:469,185
DA:470,185
DA:472,185
DA:473,1
DA:479,140
DA:480,140
DA:481,120
DA:483,120
DA:484,62
DA:492,62
DA:493,36
DA:494,36
DA:495,26
DA:496,25
DA:501,140
DA:502,43
DA:505,140
DA:506,1
DA:510,56
DA:523,46
DA:531,8
DA:532,60
DA:533,44
DA:534,5
DA:539,3
DA:540,3
DA:541,2
DA:545,1
DA:552,3
DA:559,2
DA:566,143
DA:567,143
DA:574,140
DA:575,840
DA:577,140
DA:578,26
DA:580,140
DA:587,2
DA:588,2
DA:595,3
DA:596,3
DA:597,3
DA:598,3
DA:603,1
DA:605,1
DA:606,0
DA:607,0
DA:609,0
DA:612,1
DA:613,0
LF:144
LH:131
BRDA:212,0,0,21
BRDA:212,0,1,14
BRDA:225,1,0,21
BRDA:225,1,1,14
BRDA:238,2,0,21
BRDA:238,2,1,13
BRDA:238,2,2,12
BRDA:250,3,0,11
BRDA:250,3,1,8
BRDA:252,4,0,11
BRDA:252,4,1,9
BRDA:253,5,0,4
BRDA:253,5,1,0
BRDA:267,6,0,9
BRDA:267,7,0,10
BRDA:267,7,1,1
BRDA:268,8,0,1
BRDA:268,8,1,1
BRDA:282,9,0,9
BRDA:282,10,0,10
BRDA:282,10,1,1
BRDA:285,11,0,0
BRDA:288,12,0,1
BRDA:288,12,1,0
BRDA:308,13,0,43
BRDA:308,14,0,285
BRDA:308,14,1,285
BRDA:322,15,0,179
BRDA:322,16,0,229
BRDA:322,16,1,229
BRDA:322,16,2,55
BRDA:322,16,3,55
BRDA:332,17,0,0
BRDA:332,18,0,50
BRDA:332,18,1,0
BRDA:332,18,2,0
BRDA:332,18,3,0
BRDA:337,19,0,50
BRDA:337,20,0,50
BRDA:337,20,1,50
BRDA:338,21,0,14
BRDA:338,21,1,36
BRDA:340,22,0,9
BRDA:340,22,1,41
BRDA:341,23,0,0
BRDA:341,23,1,9
BRDA:342,24,0,1
BRDA:350,25,0,0
BRDA:360,26,0,0
BRDA:360,27,0,49
BRDA:360,27,1,0
BRDA:362,28,0,0
BRDA:373,29,0,0
BRDA:373,30,0,49
BRDA:373,30,1,0
BRDA:374,31,0,0
BRDA:374,32,0,0
BRDA:374,32,1,0
BRDA:382,33,0,0
BRDA:382,34,0,0
BRDA:382,34,1,0
BRDA:393,35,0,27
BRDA:393,36,0,49
BRDA:393,36,1,27
BRDA:394,37,0,3
BRDA:394,38,0,27
BRDA:394,38,1,18
BRDA:402,39,0,1
BRDA:402,40,0,24
BRDA:402,40,1,15
BRDA:410,41,0,1
BRDA:410,42,0,23
BRDA:410,42,1,7
BRDA:421,43,0,14
BRDA:421,44,0,44
BRDA:421,44,1,14
BRDA:422,45,0,4
BRDA:422,46,0,14
BRDA:422,46,1,14
BRDA:433,47,0,1
BRDA:435,48,0,1
BRDA:447,49,0,7
BRDA:452,50,0,8
BRDA:452,51,0,55
BRDA:455,52,0,49
BRDA:455,52,1,7
BRDA:468,53,0,185
BRDA:472,54,0,1
BRDA:483,55,0,62
BRDA:492,56,0,36
BRDA:492,56,1,26
BRDA:495,57,0,25
BRDA:501,58,0,43
BRDA:505,59,0,1
BRDA:505,60,0,140
BRDA:505,60,1,1
BRDA:515,61,0,56
BRDA:515,61,1,7
BRDA:533,62,0,5
BRDA:534,63,0,5
BRDA:534,63,1,0
BRDA:540,64,0,2
BRDA:541,65,0,2
BRDA:541,65,1,0
BRDA:566,66,0,143
BRDA:566,66,1,1
BRDA:575,67,0,840
BRDA:575,67,1,840
BRDA:578,68,0,26
BRDA:578,68,1,0
BRDA:606,69,0,0
BRF:111
BRH:87
end_of_record
TN:
SF:src/services/XMLGeneratorService.ts
FN:233,(anonymous_0)
FN:240,(anonymous_1)
FN:313,(anonymous_2)
FN:339,(anonymous_3)
FN:342,(anonymous_4)
FN:363,(anonymous_5)
FN:370,(anonymous_6)
FN:383,(anonymous_7)
FN:392,(anonymous_8)
FN:412,(anonymous_9)
FN:421,(anonymous_10)
FN:440,(anonymous_11)
FN:492,(anonymous_12)
FN:504,(anonymous_13)
FN:566,(anonymous_14)
FN:585,(anonymous_15)
FN:605,(anonymous_16)
FN:612,(anonymous_17)
FN:620,createXMLGeneratorService
FN:627,getXMLGeneratorService
FNF:20
FNH:18
FNDA:49,(anonymous_0)
FNDA:27,(anonymous_1)
FNDA:52,(anonymous_2)
FNDA:26,(anonymous_3)
FNDA:50,(anonymous_4)
FNDA:25,(anonymous_5)
FNDA:24,(anonymous_6)
FNDA:26,(anonymous_7)
FNDA:25,(anonymous_8)
FNDA:26,(anonymous_9)
FNDA:25,(anonymous_10)
FNDA:27,(anonymous_11)
FNDA:2,(anonymous_12)
FNDA:11,(anonymous_13)
FNDA:2,(anonymous_14)
FNDA:3,(anonymous_15)
FNDA:3,(anonymous_16)
FNDA:6,(anonymous_17)
FNDA:0,createXMLGeneratorService
FNDA:0,getXMLGeneratorService
DA:8,1
DA:19,1
DA:25,1
DA:27,1
DA:33,1
DA:45,1
DA:230,1
DA:234,49
DA:241,27
DA:243,26
DA:314,52
DA:340,26
DA:342,50
DA:364,25
DA:366,25
DA:370,25
DA:386,26
DA:388,25
DA:392,25
DA:415,26
DA:417,25
DA:421,25
DA:441,27
DA:443,27
DA:446,27
DA:449,26
DA:455,26
DA:464,26
DA:465,26
DA:467,26
DA:475,1
DA:477,1
DA:498,2
DA:505,11
DA:506,11
DA:508,11
DA:510,11
DA:516,11
DA:519,11
DA:520,6
DA:521,6
DA:525,5
DA:526,2
DA:529,5
DA:530,2
DA:534,5
DA:535,2
DA:536,2
DA:537,2
DA:538,1
DA:540,2
DA:541,1
DA:546,5
DA:552,0
DA:553,0
DA:572,2
DA:576,2
DA:586,3
DA:588,3
DA:592,3
DA:597,0
DA:598,0
DA:606,3
DA:613,6
DA:618,1
DA:620,1
DA:621,0
DA:622,0
DA:624,0
DA:627,1
DA:628,0
LF:71
LH:63
BRDA:272,0,0,26
BRDA:272,0,1,1
BRDA:273,1,0,26
BRDA:273,1,1,0
BRDA:274,2,0,26
BRDA:274,2,1,0
BRDA:275,3,0,26
BRDA:275,3,1,1
BRDA:276,4,0,26
BRDA:276,4,1,0
BRDA:277,5,0,26
BRDA:277,5,1,0
BRDA:278,6,0,26
BRDA:278,6,1,0
BRDA:281,7,0,26
BRDA:281,7,1,0
BRDA:282,8,0,26
BRDA:282,8,1,0
BRDA:283,9,0,26
BRDA:283,9,1,0
BRDA:287,10,0,26
BRDA:287,10,1,0
BRDA:288,11,0,26
BRDA:288,11,1,0
BRDA:289,12,0,26
BRDA:289,12,1,0
BRDA:295,13,0,25
BRDA:295,13,1,1
BRDA:340,14,0,25
BRDA:340,14,1,1
BRDA:351,15,0,50
BRDA:351,15,1,0
BRDA:364,16,0,0
BRDA:366,17,0,25
BRDA:366,17,1,0
BRDA:386,18,0,1
BRDA:388,19,0,25
BRDA:388,19,1,0
BRDA:415,20,0,1
BRDA:417,21,0,25
BRDA:417,21,1,0
BRDA:475,22,0,1
BRDA:475,22,1,0
BRDA:504,23,0,8
BRDA:519,24,0,6
BRDA:525,25,0,2
BRDA:529,26,0,2
BRDA:534,27,0,2
BRDA:536,28,0,2
BRDA:537,29,0,1
BRDA:540,30,0,1
BRDA:552,31,0,0
BRDA:552,31,1,0
BRDA:597,32,0,0
BRDA:597,32,1,0
BRDA:613,33,0,6
BRDA:613,33,1,5
BRDA:621,34,0,0
BRF:58
BRH:36
end_of_record
TN:
SF:src/services/index.ts
FN:7,(anonymous_0)
FN:8,(anonymous_1)
FN:9,(anonymous_2)
FN:13,(anonymous_3)
FN:14,(anonymous_4)
FN:15,(anonymous_5)
FN:19,(anonymous_6)
FN:20,(anonymous_7)
FN:21,(anonymous_8)
FN:25,(anonymous_9)
FN:26,(anonymous_10)
FN:27,(anonymous_11)
FN:28,(anonymous_12)
FN:29,(anonymous_13)
FN:41,(anonymous_14)
FN:42,(anonymous_15)
FN:43,(anonymous_16)
FN:44,(anonymous_17)
FN:54,(anonymous_18)
FN:55,(anonymous_19)
FN:56,(anonymous_20)
FN:57,(anonymous_21)
FN:58,(anonymous_22)
FN:59,(anonymous_23)
FN:69,(anonymous_24)
FN:70,(anonymous_25)
FN:71,(anonymous_26)
FN:72,(anonymous_27)
FN:73,(anonymous_28)
FN:74,(anonymous_29)
FN:75,(anonymous_30)
FNF:31
FNH:0
FNDA:0,(anonymous_0)
FNDA:0,(anonymous_1)
FNDA:0,(anonymous_2)
FNDA:0,(anonymous_3)
FNDA:0,(anonymous_4)
FNDA:0,(anonymous_5)
FNDA:0,(anonymous_6)
FNDA:0,(anonymous_7)
FNDA:0,(anonymous_8)
FNDA:0,(anonymous_9)
FNDA:0,(anonymous_10)
FNDA:0,(anonymous_11)
FNDA:0,(anonymous_12)
FNDA:0,(anonymous_13)
FNDA:0,(anonymous_14)
FNDA:0,(anonymous_15)
FNDA:0,(anonymous_16)
FNDA:0,(anonymous_17)
FNDA:0,(anonymous_18)
FNDA:0,(anonymous_19)
FNDA:0,(anonymous_20)
FNDA:0,(anonymous_21)
FNDA:0,(anonymous_22)
FNDA:0,(anonymous_23)
FNDA:0,(anonymous_24)
FNDA:0,(anonymous_25)
FNDA:0,(anonymous_26)
FNDA:0,(anonymous_27)
FNDA:0,(anonymous_28)
FNDA:0,(anonymous_29)
FNDA:0,(anonymous_30)
DA:6,0
DA:7,0
DA:8,0
DA:9,0
DA:12,0
DA:13,0
DA:14,0
DA:15,0
DA:18,0
DA:19,0
DA:20,0
DA:21,0
DA:24,0
DA:25,0
DA:26,0
DA:27,0
DA:28,0
DA:29,0
DA:40,0
DA:41,0
DA:42,0
DA:43,0
DA:44,0
DA:53,0
DA:54,0
DA:55,0
DA:56,0
DA:57,0
DA:58,0
DA:59,0
DA:68,0
DA:69,0
DA:70,0
DA:71,0
DA:72,0
DA:73,0
DA:74,0
DA:75,0
LF:38
LH:0
BRF:0
BRH:0
end_of_record
