TN:
SF:src/services/AuthService.ts
FN:46,(anonymous_0)
FN:59,(anonymous_1)
FN:67,(anonymous_2)
FN:83,(anonymous_3)
FN:95,(anonymous_4)
FN:112,(anonymous_5)
FN:140,(anonymous_6)
FN:157,(anonymous_7)
FN:158,(anonymous_8)
FN:170,(anonymous_9)
FN:210,(anonymous_10)
FN:241,(anonymous_11)
FN:281,(anonymous_12)
FN:290,(anonymous_13)
FN:326,(anonymous_14)
FN:344,(anonymous_15)
FN:375,(anonymous_16)
FN:413,(anonymous_17)
FN:420,(anonymous_18)
FN:424,(anonymous_19)
FN:436,createAuthService
FN:446,getAuthService
FNF:22
FNH:16
FNDA:16,(anonymous_0)
FNDA:17,(anonymous_1)
FNDA:0,(anonymous_2)
FNDA:0,(anonymous_3)
FNDA:0,(anonymous_4)
FNDA:6,(anonymous_5)
FNDA:17,(anonymous_6)
FNDA:18,(anonymous_7)
FNDA:0,(anonymous_8)
FNDA:2,(anonymous_9)
FNDA:1,(anonymous_10)
FNDA:1,(anonymous_11)
FNDA:1,(anonymous_12)
FNDA:1,(anonymous_13)
FNDA:2,(anonymous_14)
FNDA:1,(anonymous_15)
FNDA:1,(anonymous_16)
FNDA:2,(anonymous_17)
FNDA:1,(anonymous_18)
FNDA:1,(anonymous_19)
FNDA:0,createAuthService
FNDA:0,getAuthService
DA:11,2
DA:41,2
DA:43,16
DA:44,16
DA:50,16
DA:59,16
DA:60,17
DA:68,0
DA:84,0
DA:96,0
DA:102,0
DA:103,0
DA:106,0
DA:113,6
DA:114,6
DA:116,6
DA:130,6
DA:144,17
DA:145,0
DA:146,0
DA:147,0
DA:149,17
DA:150,17
DA:158,18
DA:159,0
DA:160,0
DA:171,2
DA:172,2
DA:177,2
DA:178,2
DA:184,0
DA:185,0
DA:191,0
DA:192,0
DA:194,0
DA:199,0
DA:211,1
DA:212,1
DA:219,1
DA:220,1
DA:226,0
DA:231,0
DA:242,1
DA:243,1
DA:249,1
DA:250,1
DA:256,0
DA:257,0
DA:263,0
DA:264,0
DA:266,0
DA:271,0
DA:282,1
DA:283,1
DA:284,1
DA:291,1
DA:292,1
DA:294,1
DA:295,1
DA:301,0
DA:302,0
DA:308,0
DA:309,0
DA:311,0
DA:316,0
DA:327,2
DA:328,0
DA:331,2
DA:333,2
DA:334,2
DA:337,0
DA:338,0
DA:345,1
DA:346,1
DA:353,1
DA:354,1
DA:360,0
DA:365,0
DA:376,1
DA:378,1
DA:379,1
DA:380,1
DA:387,0
DA:391,0
DA:392,0
DA:398,0
DA:403,0
DA:414,2
DA:421,1
DA:424,1
DA:425,1
DA:426,1
DA:427,1
DA:434,2
DA:436,2
DA:440,0
DA:441,0
DA:443,0
DA:446,2
DA:447,0
LF:100
LH:55
BRDA:70,0,0,0
BRDA:70,0,1,0
BRDA:71,1,0,0
BRDA:71,1,1,0
BRDA:71,1,2,0
BRDA:72,2,0,0
BRDA:72,2,1,0
BRDA:73,3,0,0
BRDA:73,3,1,0
BRDA:74,4,0,0
BRDA:74,4,1,0
BRDA:74,4,2,0
BRDA:75,5,0,0
BRDA:75,5,1,0
BRDA:76,6,0,0
BRDA:76,6,1,0
BRDA:76,6,2,0
BRDA:87,7,0,0
BRDA:87,7,1,0
BRDA:102,8,0,0
BRDA:102,9,0,0
BRDA:102,9,1,0
BRDA:114,10,0,6
BRDA:114,10,1,0
BRDA:132,11,0,6
BRDA:132,11,1,5
BRDA:132,11,2,0
BRDA:133,12,0,0
BRDA:133,12,1,6
BRDA:144,13,0,0
BRDA:144,13,1,17
BRDA:177,14,0,2
BRDA:184,15,0,0
BRDA:184,16,0,0
BRDA:184,16,1,0
BRDA:219,17,0,1
BRDA:249,18,0,1
BRDA:256,19,0,0
BRDA:256,20,0,0
BRDA:256,20,1,0
BRDA:294,21,0,1
BRDA:301,22,0,0
BRDA:301,23,0,0
BRDA:301,23,1,0
BRDA:327,24,0,0
BRDA:333,25,0,2
BRDA:353,26,0,1
BRDA:379,27,0,1
BRDA:391,28,0,0
BRDA:426,29,0,1
BRDA:440,30,0,0
BRF:51
BRH:13
end_of_record
TN:
SF:src/services/ValidationService.ts
FN:208,(anonymous_0)
FN:221,(anonymous_1)
FN:234,(anonymous_2)
FN:247,(anonymous_3)
FN:253,(anonymous_4)
FN:263,(anonymous_5)
FN:277,(anonymous_6)
FN:303,(anonymous_7)
FN:320,(anonymous_8)
FN:447,(anonymous_9)
FN:457,(anonymous_10)
FN:522,(anonymous_11)
FN:529,(anonymous_12)
FN:532,(anonymous_13)
FN:539,(anonymous_14)
FN:551,(anonymous_15)
FN:558,(anonymous_16)
FN:565,(anonymous_17)
FN:573,(anonymous_18)
FN:575,(anonymous_19)
FN:578,(anonymous_20)
FN:586,(anonymous_21)
FN:594,(anonymous_22)
FN:605,createValidationService
FN:612,getValidationService
FNF:25
FNH:22
FNDA:10,(anonymous_0)
FNDA:10,(anonymous_1)
FNDA:10,(anonymous_2)
FNDA:7,(anonymous_3)
FNDA:0,(anonymous_4)
FNDA:5,(anonymous_5)
FNDA:5,(anonymous_6)
FNDA:124,(anonymous_7)
FNDA:128,(anonymous_8)
FNDA:21,(anonymous_9)
FNDA:65,(anonymous_10)
FNDA:14,(anonymous_11)
FNDA:4,(anonymous_12)
FNDA:24,(anonymous_13)
FNDA:1,(anonymous_14)
FNDA:1,(anonymous_15)
FNDA:1,(anonymous_16)
FNDA:81,(anonymous_17)
FNDA:81,(anonymous_18)
FNDA:486,(anonymous_19)
FNDA:13,(anonymous_20)
FNDA:2,(anonymous_21)
FNDA:3,(anonymous_22)
FNDA:0,createValidationService
FNDA:0,getValidationService
DA:23,2
DA:204,2
DA:209,10
DA:210,10
DA:211,10
DA:212,10
DA:222,10
DA:223,10
DA:224,10
DA:225,10
DA:235,10
DA:236,10
DA:237,10
DA:238,10
DA:248,7
DA:249,7
DA:250,7
DA:251,7
DA:252,7
DA:253,7
DA:254,7
DA:264,5
DA:265,5
DA:266,5
DA:267,5
DA:268,0
DA:278,5
DA:279,5
DA:280,5
DA:281,5
DA:282,5
DA:284,0
DA:285,0
DA:287,0
DA:288,0
DA:296,2
DA:297,27
DA:298,27
DA:304,124
DA:305,124
DA:307,124
DA:308,161
DA:309,29
DA:311,132
DA:314,95
DA:322,128
DA:323,102
DA:332,26
DA:333,0
DA:337,26
DA:338,26
DA:340,26
DA:341,4
DA:342,4
DA:343,0
DA:350,22
DA:351,0
DA:360,26
DA:361,0
DA:362,0
DA:363,0
DA:373,26
DA:374,0
DA:375,0
DA:382,0
DA:383,0
DA:393,26
DA:394,17
DA:395,1
DA:402,16
DA:403,0
DA:410,16
DA:411,4
DA:421,21
DA:422,5
DA:423,1
DA:433,20
DA:434,0
DA:435,0
DA:436,0
DA:441,20
DA:448,21
DA:449,21
DA:450,21
DA:452,21
DA:455,21
DA:457,65
DA:460,21
DA:461,81
DA:462,81
DA:464,81
DA:465,124
DA:466,124
DA:468,124
DA:469,105
DA:470,105
DA:472,105
DA:473,1
DA:479,81
DA:480,81
DA:481,60
DA:483,60
DA:484,32
DA:492,32
DA:493,26
DA:494,26
DA:495,6
DA:496,6
DA:501,81
DA:502,23
DA:505,81
DA:506,1
DA:510,21
DA:523,14
DA:531,4
DA:532,24
DA:533,16
DA:534,3
DA:539,1
DA:540,1
DA:541,1
DA:545,0
DA:552,1
DA:559,1
DA:566,81
DA:567,81
DA:574,81
DA:575,486
DA:577,81
DA:578,13
DA:580,81
DA:587,2
DA:588,2
DA:595,3
DA:596,3
DA:597,3
DA:598,3
DA:603,2
DA:605,2
DA:606,0
DA:607,0
DA:609,0
DA:612,2
DA:613,0
LF:144
LH:120
BRDA:212,0,0,10
BRDA:212,0,1,5
BRDA:225,1,0,10
BRDA:225,1,1,5
BRDA:238,2,0,10
BRDA:238,2,1,5
BRDA:238,2,2,5
BRDA:250,3,0,7
BRDA:250,3,1,6
BRDA:252,4,0,7
BRDA:252,4,1,7
BRDA:253,5,0,0
BRDA:253,5,1,0
BRDA:267,6,0,5
BRDA:267,7,0,5
BRDA:267,7,1,0
BRDA:268,8,0,0
BRDA:268,8,1,0
BRDA:282,9,0,5
BRDA:282,10,0,5
BRDA:282,10,1,0
BRDA:285,11,0,0
BRDA:288,12,0,0
BRDA:288,12,1,0
BRDA:308,13,0,29
BRDA:308,14,0,161
BRDA:308,14,1,161
BRDA:322,15,0,102
BRDA:322,16,0,128
BRDA:322,16,1,128
BRDA:322,16,2,31
BRDA:322,16,3,31
BRDA:332,17,0,0
BRDA:332,18,0,26
BRDA:332,18,1,0
BRDA:332,18,2,0
BRDA:332,18,3,0
BRDA:337,19,0,26
BRDA:337,20,0,26
BRDA:337,20,1,26
BRDA:338,21,0,5
BRDA:338,21,1,21
BRDA:340,22,0,4
BRDA:340,22,1,22
BRDA:341,23,0,0
BRDA:341,23,1,4
BRDA:342,24,0,0
BRDA:350,25,0,0
BRDA:360,26,0,0
BRDA:360,27,0,26
BRDA:360,27,1,0
BRDA:362,28,0,0
BRDA:373,29,0,0
BRDA:373,30,0,26
BRDA:373,30,1,0
BRDA:374,31,0,0
BRDA:374,32,0,0
BRDA:374,32,1,0
BRDA:382,33,0,0
BRDA:382,34,0,0
BRDA:382,34,1,0
BRDA:393,35,0,17
BRDA:393,36,0,26
BRDA:393,36,1,17
BRDA:394,37,0,1
BRDA:394,38,0,17
BRDA:394,38,1,10
BRDA:402,39,0,0
BRDA:402,40,0,16
BRDA:402,40,1,9
BRDA:410,41,0,4
BRDA:410,42,0,16
BRDA:410,42,1,7
BRDA:421,43,0,5
BRDA:421,44,0,21
BRDA:421,44,1,5
BRDA:422,45,0,1
BRDA:422,46,0,5
BRDA:422,46,1,5
BRDA:433,47,0,0
BRDA:435,48,0,0
BRDA:447,49,0,5
BRDA:452,50,0,6
BRDA:452,51,0,20
BRDA:455,52,0,16
BRDA:455,52,1,5
BRDA:468,53,0,105
BRDA:472,54,0,1
BRDA:483,55,0,32
BRDA:492,56,0,26
BRDA:492,56,1,6
BRDA:495,57,0,6
BRDA:501,58,0,23
BRDA:505,59,0,1
BRDA:505,60,0,81
BRDA:505,60,1,1
BRDA:515,61,0,21
BRDA:515,61,1,5
BRDA:533,62,0,3
BRDA:534,63,0,3
BRDA:534,63,1,0
BRDA:540,64,0,1
BRDA:541,65,0,1
BRDA:541,65,1,0
BRDA:566,66,0,81
BRDA:566,66,1,0
BRDA:575,67,0,486
BRDA:575,67,1,486
BRDA:578,68,0,13
BRDA:578,68,1,0
BRDA:606,69,0,0
BRF:111
BRH:76
end_of_record
TN:
SF:src/services/XMLGeneratorService.ts
FN:233,(anonymous_0)
FN:240,(anonymous_1)
FN:313,(anonymous_2)
FN:339,(anonymous_3)
FN:342,(anonymous_4)
FN:363,(anonymous_5)
FN:370,(anonymous_6)
FN:383,(anonymous_7)
FN:392,(anonymous_8)
FN:412,(anonymous_9)
FN:421,(anonymous_10)
FN:440,(anonymous_11)
FN:492,(anonymous_12)
FN:504,(anonymous_13)
FN:566,(anonymous_14)
FN:585,(anonymous_15)
FN:605,(anonymous_16)
FN:612,(anonymous_17)
FN:620,createXMLGeneratorService
FN:627,getXMLGeneratorService
FNF:20
FNH:8
FNDA:15,(anonymous_0)
FNDA:4,(anonymous_1)
FNDA:0,(anonymous_2)
FNDA:0,(anonymous_3)
FNDA:0,(anonymous_4)
FNDA:0,(anonymous_5)
FNDA:0,(anonymous_6)
FNDA:0,(anonymous_7)
FNDA:0,(anonymous_8)
FNDA:0,(anonymous_9)
FNDA:0,(anonymous_10)
FNDA:4,(anonymous_11)
FNDA:1,(anonymous_12)
FNDA:2,(anonymous_13)
FNDA:0,(anonymous_14)
FNDA:2,(anonymous_15)
FNDA:1,(anonymous_16)
FNDA:3,(anonymous_17)
FNDA:0,createXMLGeneratorService
FNDA:0,getXMLGeneratorService
DA:8,2
DA:19,2
DA:25,2
DA:27,2
DA:33,2
DA:45,2
DA:230,2
DA:234,15
DA:241,4
DA:243,4
DA:314,0
DA:340,0
DA:342,0
DA:364,0
DA:366,0
DA:370,0
DA:386,0
DA:388,0
DA:392,0
DA:415,0
DA:417,0
DA:421,0
DA:441,4
DA:443,4
DA:446,4
DA:449,0
DA:455,0
DA:464,0
DA:465,0
DA:467,0
DA:475,4
DA:477,4
DA:498,1
DA:505,2
DA:506,2
DA:508,2
DA:510,2
DA:516,2
DA:519,2
DA:520,1
DA:521,1
DA:525,1
DA:526,1
DA:529,1
DA:530,1
DA:534,1
DA:535,0
DA:536,0
DA:537,0
DA:538,0
DA:540,0
DA:541,0
DA:546,1
DA:552,0
DA:553,0
DA:572,0
DA:576,0
DA:586,2
DA:588,2
DA:592,2
DA:597,0
DA:598,0
DA:606,1
DA:613,3
DA:618,2
DA:620,2
DA:621,0
DA:622,0
DA:624,0
DA:627,2
DA:628,0
LF:71
LH:38
BRDA:272,0,0,0
BRDA:272,0,1,0
BRDA:273,1,0,0
BRDA:273,1,1,0
BRDA:274,2,0,0
BRDA:274,2,1,0
BRDA:275,3,0,0
BRDA:275,3,1,0
BRDA:276,4,0,0
BRDA:276,4,1,0
BRDA:277,5,0,0
BRDA:277,5,1,0
BRDA:278,6,0,0
BRDA:278,6,1,0
BRDA:281,7,0,0
BRDA:281,7,1,0
BRDA:282,8,0,0
BRDA:282,8,1,0
BRDA:283,9,0,0
BRDA:283,9,1,0
BRDA:287,10,0,0
BRDA:287,10,1,0
BRDA:288,11,0,0
BRDA:288,11,1,0
BRDA:289,12,0,0
BRDA:289,12,1,0
BRDA:295,13,0,0
BRDA:295,13,1,0
BRDA:340,14,0,0
BRDA:340,14,1,0
BRDA:351,15,0,0
BRDA:351,15,1,0
BRDA:364,16,0,0
BRDA:366,17,0,0
BRDA:366,17,1,0
BRDA:386,18,0,0
BRDA:388,19,0,0
BRDA:388,19,1,0
BRDA:415,20,0,0
BRDA:417,21,0,0
BRDA:417,21,1,0
BRDA:475,22,0,4
BRDA:475,22,1,0
BRDA:504,23,0,2
BRDA:519,24,0,1
BRDA:525,25,0,1
BRDA:529,26,0,1
BRDA:534,27,0,0
BRDA:536,28,0,0
BRDA:537,29,0,0
BRDA:540,30,0,0
BRDA:552,31,0,0
BRDA:552,31,1,0
BRDA:597,32,0,0
BRDA:597,32,1,0
BRDA:613,33,0,3
BRDA:613,33,1,2
BRDA:621,34,0,0
BRF:58
BRH:7
end_of_record
TN:
SF:src/services/index.ts
FN:7,(anonymous_0)
FN:8,(anonymous_1)
FN:9,(anonymous_2)
FN:13,(anonymous_3)
FN:14,(anonymous_4)
FN:15,(anonymous_5)
FN:19,(anonymous_6)
FN:20,(anonymous_7)
FN:21,(anonymous_8)
FNF:9
FNH:0
FNDA:0,(anonymous_0)
FNDA:0,(anonymous_1)
FNDA:0,(anonymous_2)
FNDA:0,(anonymous_3)
FNDA:0,(anonymous_4)
FNDA:0,(anonymous_5)
FNDA:0,(anonymous_6)
FNDA:0,(anonymous_7)
FNDA:0,(anonymous_8)
DA:6,0
DA:7,0
DA:8,0
DA:9,0
DA:12,0
DA:13,0
DA:14,0
DA:15,0
DA:18,0
DA:19,0
DA:20,0
DA:21,0
LF:12
LH:0
BRF:0
BRH:0
end_of_record
